<?xml version="1.0" encoding="UTF-8"?>
<!-- Generated by org.testng.reporters.JUnitReportReporter -->
<testsuite hostname="MT-5CD127785H" failures="0" tests="2" name="mindtree.PracticeFrameworkHybrid.login.loginTest" time="19.361" errors="0" timestamp="2021-11-08T15:03:16 IST" skipped="0">
  <testcase classname="mindtree.PracticeFrameworkHybrid.login.loginTest" name="login" time="7.763"/>
  <system-out/>
  <testcase classname="mindtree.PracticeFrameworkHybrid.login.loginTest" name="login" time="11.598"/>
  <system-out/>
</testsuite> <!-- mindtree.PracticeFrameworkHybrid.login.loginTest -->
